{
  "stats": {
    "suites": 1,
    "tests": 3,
    "passes": 3,
    "pending": 0,
    "failures": 0,
    "testsRegistered": 3,
    "passPercent": 100,
    "pendingPercent": 0,
    "other": 0,
    "hasOther": false,
    "skipped": 0,
    "hasSkipped": false,
    "start": "2024-11-10T21:23:02.072Z",
    "end": "2024-11-10T21:23:21.377Z",
    "duration": 19305
  },
  "results": [
    {
      "uuid": "d0221c05-dfa0-4543-abe1-5c04307423e8",
      "title": "",
      "fullFile": "cypress/e2e/interface/loginAndCheckout.cy.ts",
      "file": "cypress/e2e/interface/loginAndCheckout.cy.ts",
      "beforeHooks": [],
      "afterHooks": [],
      "tests": [],
      "suites": [
        {
          "uuid": "05c735f9-e8db-4770-9f41-c551e91c3318",
          "title": "Acessa página de login",
          "fullFile": "",
          "file": "",
          "beforeHooks": [],
          "afterHooks": [],
          "tests": [
            {
              "title": "Login com usuário e senha válidas",
              "fullTitle": "Acessa página de login Login com usuário e senha válidas",
              "timedOut": null,
              "duration": 5689,
              "state": "passed",
              "speed": "medium",
              "pass": true,
              "fail": false,
              "pending": false,
              "context": null,
              "code": "cy.acessaPaginaDeLogin();",
              "err": {},
              "uuid": "a0f0e58d-55c3-4204-86a5-66ca7988ef2a",
              "parentUUID": "05c735f9-e8db-4770-9f41-c551e91c3318",
              "isHook": false,
              "skipped": false
            }
          ],
          "suites": [],
          "passes": [
            "a0f0e58d-55c3-4204-86a5-66ca7988ef2a"
          ],
          "failures": [],
          "pending": [],
          "skipped": [],
          "duration": 5689,
          "root": false,
          "rootEmpty": false,
          "_timeout": 2000
        },
        {
          "uuid": "1f206498-a345-47c9-8891-ac8cf5438361",
          "title": "Adiciona produto no carrinho e realiza checkout",
          "fullFile": "",
          "file": "",
          "beforeHooks": [],
          "afterHooks": [],
          "tests": [
            {
              "title": "Seleciona produto e finaliza compra",
              "fullTitle": "Adiciona produto no carrinho e realiza checkout Seleciona produto e finaliza compra",
              "timedOut": null,
              "duration": 10693,
              "state": "passed",
              "speed": "slow",
              "pass": true,
              "fail": false,
              "pending": false,
              "context": null,
              "code": "cy.realizaCheckoutComSucesso();",
              "err": {},
              "uuid": "ccdf4437-46d8-4034-a508-97c0720ae679",
              "parentUUID": "1f206498-a345-47c9-8891-ac8cf5438361",
              "isHook": false,
              "skipped": false
            }
          ],
          "suites": [],
          "passes": [
            "ccdf4437-46d8-4034-a508-97c0720ae679"
          ],
          "failures": [],
          "pending": [],
          "skipped": [],
          "duration": 10693,
          "root": false,
          "rootEmpty": false,
          "_timeout": 2000
        },
        {
          "uuid": "679daf20-2c56-42f1-8950-f7762de8230b",
          "title": "Realiza logout após finalizar compra",
          "fullFile": "",
          "file": "",
          "beforeHooks": [],
          "afterHooks": [],
          "tests": [
            {
              "title": "Realiza logout",
              "fullTitle": "Realiza logout após finalizar compra Realiza logout",
              "timedOut": null,
              "duration": 2816,
              "state": "passed",
              "speed": "fast",
              "pass": true,
              "fail": false,
              "pending": false,
              "context": null,
              "code": "cy.realizaLogout();",
              "err": {},
              "uuid": "31167c3a-3260-4bf0-a3b3-b97178dc67b5",
              "parentUUID": "679daf20-2c56-42f1-8950-f7762de8230b",
              "isHook": false,
              "skipped": false
            }
          ],
          "suites": [],
          "passes": [
            "31167c3a-3260-4bf0-a3b3-b97178dc67b5"
          ],
          "failures": [],
          "pending": [],
          "skipped": [],
          "duration": 2816,
          "root": false,
          "rootEmpty": false,
          "_timeout": 2000
        }
      ],
      "passes": [],
      "failures": [],
      "pending": [],
      "skipped": [],
      "duration": 0,
      "root": true,
      "rootEmpty": true,
      "_timeout": 2000
    }
  ],
  "meta": {
    "mocha": {
      "version": "7.0.1"
    },
    "mochawesome": {
      "options": {
        "quiet": false,
        "reportFilename": "mochawesome",
        "saveHtml": false,
        "saveJson": true,
        "consoleReporter": "spec",
        "useInlineDiffs": false,
        "code": true
      },
      "version": "7.1.3"
    },
    "marge": {
      "options": {
        "reportDir": "cypress/reports",
        "overwrite": true,
        "html": false,
        "json": true
      },
      "version": "6.2.0"
    }
  }
}