{
  "stats": {
    "suites": 1,
    "tests": 3,
    "passes": 3,
    "pending": 0,
    "failures": 0,
    "testsRegistered": 3,
    "passPercent": 100,
    "pendingPercent": 0,
    "other": 0,
    "hasOther": false,
    "skipped": 0,
    "hasSkipped": false,
    "start": "2024-11-10T22:33:40.791Z",
    "end": "2024-11-10T22:34:00.075Z",
    "duration": 19284
  },
  "results": [
    {
      "uuid": "1460b1e0-a76d-4ede-847c-eb7237f567c8",
      "title": "",
      "fullFile": "cypress/e2e/interface/loginAndCheckout.cy.ts",
      "file": "cypress/e2e/interface/loginAndCheckout.cy.ts",
      "beforeHooks": [],
      "afterHooks": [],
      "tests": [],
      "suites": [
        {
          "uuid": "ee6f9a60-9893-4e8d-8539-e45999be222e",
          "title": "Acessa página de login",
          "fullFile": "",
          "file": "",
          "beforeHooks": [],
          "afterHooks": [],
          "tests": [
            {
              "title": "Login com usuário e senha válidas",
              "fullTitle": "Acessa página de login Login com usuário e senha válidas",
              "timedOut": null,
              "duration": 5989,
              "state": "passed",
              "speed": "medium",
              "pass": true,
              "fail": false,
              "pending": false,
              "context": null,
              "code": "cy.acessaPaginaDeLogin();",
              "err": {},
              "uuid": "c71c3e23-d9f7-4df6-844a-4c4467f1a0a5",
              "parentUUID": "ee6f9a60-9893-4e8d-8539-e45999be222e",
              "isHook": false,
              "skipped": false
            }
          ],
          "suites": [],
          "passes": [
            "c71c3e23-d9f7-4df6-844a-4c4467f1a0a5"
          ],
          "failures": [],
          "pending": [],
          "skipped": [],
          "duration": 5989,
          "root": false,
          "rootEmpty": false,
          "_timeout": 2000
        },
        {
          "uuid": "1ad4fb8b-6521-42c9-9992-19e0df8b0225",
          "title": "Adiciona produto no carrinho e realiza checkout",
          "fullFile": "",
          "file": "",
          "beforeHooks": [],
          "afterHooks": [],
          "tests": [
            {
              "title": "Seleciona produto e finaliza compra",
              "fullTitle": "Adiciona produto no carrinho e realiza checkout Seleciona produto e finaliza compra",
              "timedOut": null,
              "duration": 10652,
              "state": "passed",
              "speed": "slow",
              "pass": true,
              "fail": false,
              "pending": false,
              "context": null,
              "code": "cy.realizaCheckoutComSucesso();",
              "err": {},
              "uuid": "74b0d2ea-7c55-480a-be42-d727046311b4",
              "parentUUID": "1ad4fb8b-6521-42c9-9992-19e0df8b0225",
              "isHook": false,
              "skipped": false
            }
          ],
          "suites": [],
          "passes": [
            "74b0d2ea-7c55-480a-be42-d727046311b4"
          ],
          "failures": [],
          "pending": [],
          "skipped": [],
          "duration": 10652,
          "root": false,
          "rootEmpty": false,
          "_timeout": 2000
        },
        {
          "uuid": "7190c623-da59-453c-b410-9d49005bb5a1",
          "title": "Realiza logout após finalizar compra",
          "fullFile": "",
          "file": "",
          "beforeHooks": [],
          "afterHooks": [],
          "tests": [
            {
              "title": "Realiza logout",
              "fullTitle": "Realiza logout após finalizar compra Realiza logout",
              "timedOut": null,
              "duration": 2537,
              "state": "passed",
              "speed": "fast",
              "pass": true,
              "fail": false,
              "pending": false,
              "context": null,
              "code": "cy.realizaLogout();",
              "err": {},
              "uuid": "cf68c71c-9d04-418d-99d3-0cb67a65cc84",
              "parentUUID": "7190c623-da59-453c-b410-9d49005bb5a1",
              "isHook": false,
              "skipped": false
            }
          ],
          "suites": [],
          "passes": [
            "cf68c71c-9d04-418d-99d3-0cb67a65cc84"
          ],
          "failures": [],
          "pending": [],
          "skipped": [],
          "duration": 2537,
          "root": false,
          "rootEmpty": false,
          "_timeout": 2000
        }
      ],
      "passes": [],
      "failures": [],
      "pending": [],
      "skipped": [],
      "duration": 0,
      "root": true,
      "rootEmpty": true,
      "_timeout": 2000
    }
  ],
  "meta": {
    "mocha": {
      "version": "7.0.1"
    },
    "mochawesome": {
      "options": {
        "quiet": false,
        "reportFilename": "mochawesome",
        "saveHtml": false,
        "saveJson": true,
        "consoleReporter": "spec",
        "useInlineDiffs": false,
        "code": true
      },
      "version": "7.1.3"
    },
    "marge": {
      "options": {
        "reportDir": "cypress/reports",
        "overwrite": true,
        "html": false,
        "json": true
      },
      "version": "6.2.0"
    }
  }
}