{
  "stats": {
    "suites": 3,
    "tests": 3,
    "passes": 3,
    "pending": 0,
    "failures": 0,
    "start": "2024-11-10T21:10:36.178Z",
    "end": "2024-11-10T21:10:55.070Z",
    "duration": 18892,
    "testsRegistered": 3,
    "passPercent": 100,
    "pendingPercent": 0,
    "other": 0,
    "hasOther": false,
    "skipped": 0,
    "hasSkipped": false
  },
  "results": [
    {
      "uuid": "d7eb1afb-9497-4568-bab9-fd9b30d1109f",
      "title": "",
      "fullFile": "cypress/e2e/interface/loginAndCheckout.cy.ts",
      "file": "cypress/e2e/interface/loginAndCheckout.cy.ts",
      "beforeHooks": [],
      "afterHooks": [],
      "tests": [],
      "suites": [
        {
          "uuid": "d8bc67dc-1080-48cd-abea-f118a3d33d9c",
          "title": "Acessa página de login",
          "fullFile": "",
          "file": "",
          "beforeHooks": [],
          "afterHooks": [],
          "tests": [
            {
              "title": "Login com usuário e senha válidas",
              "fullTitle": "Acessa página de login Login com usuário e senha válidas",
              "timedOut": null,
              "duration": 5168,
              "state": "passed",
              "speed": "medium",
              "pass": true,
              "fail": false,
              "pending": false,
              "context": null,
              "code": "cy.acessaPaginaDeLogin();",
              "err": {},
              "uuid": "3cb628c4-ff82-46eb-bd12-aef012e81e05",
              "parentUUID": "d8bc67dc-1080-48cd-abea-f118a3d33d9c",
              "isHook": false,
              "skipped": false
            }
          ],
          "suites": [],
          "passes": [
            "3cb628c4-ff82-46eb-bd12-aef012e81e05"
          ],
          "failures": [],
          "pending": [],
          "skipped": [],
          "duration": 5168,
          "root": false,
          "rootEmpty": false,
          "_timeout": 2000
        },
        {
          "uuid": "07e0f853-e5d5-4d13-ab3f-1e1c4a96b44a",
          "title": "Adiciona produto no carrinho e realiza checkout",
          "fullFile": "",
          "file": "",
          "beforeHooks": [],
          "afterHooks": [],
          "tests": [
            {
              "title": "Seleciona produto e finaliza compra",
              "fullTitle": "Adiciona produto no carrinho e realiza checkout Seleciona produto e finaliza compra",
              "timedOut": null,
              "duration": 10586,
              "state": "passed",
              "speed": "slow",
              "pass": true,
              "fail": false,
              "pending": false,
              "context": null,
              "code": "cy.realizaCheckoutComSucesso();",
              "err": {},
              "uuid": "f2a2b0af-4403-4bf0-ba5c-f39b01a0e5b1",
              "parentUUID": "07e0f853-e5d5-4d13-ab3f-1e1c4a96b44a",
              "isHook": false,
              "skipped": false
            }
          ],
          "suites": [],
          "passes": [
            "f2a2b0af-4403-4bf0-ba5c-f39b01a0e5b1"
          ],
          "failures": [],
          "pending": [],
          "skipped": [],
          "duration": 10586,
          "root": false,
          "rootEmpty": false,
          "_timeout": 2000
        },
        {
          "uuid": "ff416c0a-89be-4774-9d2c-d37417e89b2b",
          "title": "Realiza logout após finalizar compra",
          "fullFile": "",
          "file": "",
          "beforeHooks": [],
          "afterHooks": [],
          "tests": [
            {
              "title": "Realiza logout",
              "fullTitle": "Realiza logout após finalizar compra Realiza logout",
              "timedOut": null,
              "duration": 3060,
              "state": "passed",
              "speed": "fast",
              "pass": true,
              "fail": false,
              "pending": false,
              "context": null,
              "code": "cy.realizaLogout();",
              "err": {},
              "uuid": "22c6e6a5-570d-4a6b-b4a9-0a0ea803c46e",
              "parentUUID": "ff416c0a-89be-4774-9d2c-d37417e89b2b",
              "isHook": false,
              "skipped": false
            }
          ],
          "suites": [],
          "passes": [
            "22c6e6a5-570d-4a6b-b4a9-0a0ea803c46e"
          ],
          "failures": [],
          "pending": [],
          "skipped": [],
          "duration": 3060,
          "root": false,
          "rootEmpty": false,
          "_timeout": 2000
        }
      ],
      "passes": [],
      "failures": [],
      "pending": [],
      "skipped": [],
      "duration": 0,
      "root": true,
      "rootEmpty": true,
      "_timeout": 2000
    }
  ],
  "meta": {
    "mocha": {
      "version": "7.0.1"
    },
    "mochawesome": {
      "options": {
        "quiet": false,
        "reportFilename": "mochawesome",
        "saveHtml": false,
        "saveJson": true,
        "consoleReporter": "spec",
        "useInlineDiffs": false,
        "code": true
      },
      "version": "7.1.3"
    },
    "marge": {
      "options": {
        "reportDir": "cypress/reports",
        "overwrite": true,
        "html": false,
        "json": true
      },
      "version": "6.2.0"
    }
  }
}